 POST /api/role/ 201 731.981 ms PostmanRuntime/7.37.3 Sun, 09 Jun 2024 19:51:01 GMT
 POST /api/role/ 201 504.079 ms PostmanRuntime/7.37.3 Sun, 09 Jun 2024 19:53:54 GMT
 POST /auth/register 404 23.071 ms PostmanRuntime/7.37.3 Sun, 09 Jun 2024 20:17:30 GMT 
 POST /api/auth/register 201 3156.422 ms PostmanRuntime/7.37.3 Sun, 09 Jun 2024 20:17:43 GMT
 POST /api/auth/register 201 7819.696 ms PostmanRuntime/7.37.3 Sun, 09 Jun 2024 20:21:06 GMT
 POST /userauth/register 404 15.588 ms PostmanRuntime/7.37.3 Tue, 11 Jun 2024 09:57:15 GMT 
 POST /api/userauth/register 404 11.777 ms PostmanRuntime/7.37.3 Tue, 11 Jun 2024 09:59:37 GMT 
 POST /api/auth/register 201 672.760 ms PostmanRuntime/7.37.3 Tue, 11 Jun 2024 09:59:55 GMT
 POST /api/auth/register 201 941.901 ms PostmanRuntime/7.37.3 Tue, 11 Jun 2024 10:09:22 GMT
 POST /api/auth/register 201 1118.097 ms PostmanRuntime/7.37.3 Tue, 11 Jun 2024 10:20:13 GMT
 POST /api/role/create 404 21.664 ms PostmanRuntime/7.37.3 Tue, 11 Jun 2024 10:24:02 GMT 
 POST /api/role/ 201 993.825 ms PostmanRuntime/7.37.3 Tue, 11 Jun 2024 10:24:07 GMT
 POST /api/auth/register 201 949.164 ms PostmanRuntime/7.37.3 Tue, 11 Jun 2024 10:24:56 GMT
 POST /api/auth/register 201 546.922 ms PostmanRuntime/7.37.3 Tue, 11 Jun 2024 10:26:01 GMT
 POST /api/auth/register 201 678.466 ms PostmanRuntime/7.37.3 Tue, 11 Jun 2024 10:26:52 GMT
 POST /api/auth/register 201 1229.805 ms PostmanRuntime/7.37.3 Tue, 11 Jun 2024 10:27:55 GMT
 POST /api/auth/activate 201 844.578 ms PostmanRuntime/7.37.3 Tue, 11 Jun 2024 10:31:19 GMT
 POST /api/auth/forgotPassword 201 968.925 ms PostmanRuntime/7.37.3 Tue, 11 Jun 2024 11:17:43 GMT
 POST /api/auth/forgotPassword 201 832.370 ms PostmanRuntime/7.37.3 Tue, 11 Jun 2024 11:19:35 GMT
 POST /api/auth/forgotPassword 201 896.758 ms PostmanRuntime/7.37.3 Tue, 11 Jun 2024 11:22:00 GMT
 POST /api/auth/resetPassword 500 433.991 ms PostmanRuntime/7.37.3 Tue, 11 Jun 2024 11:27:50 GMT 
 POST /api/auth/forgotPassword 201 818.183 ms PostmanRuntime/7.37.3 Tue, 11 Jun 2024 11:28:52 GMT
 POST /api/auth/resetPassword 500 372.913 ms PostmanRuntime/7.37.3 Tue, 11 Jun 2024 11:29:17 GMT 
 POST /api/auth/resetPassword 500 439.758 ms PostmanRuntime/7.37.3 Tue, 11 Jun 2024 11:30:35 GMT 
 POST /api/auth/resetPassword 500 389.098 ms PostmanRuntime/7.37.3 Tue, 11 Jun 2024 11:31:36 GMT 
 POST /api/auth/resetPassword 200 1017.788 ms PostmanRuntime/7.37.3 Tue, 11 Jun 2024 11:31:53 GMT
 POST /api/auth/login 500 695.431 ms PostmanRuntime/7.37.3 Tue, 11 Jun 2024 11:42:49 GMT 
 POST /api/auth/login 500 533.364 ms PostmanRuntime/7.37.3 Tue, 11 Jun 2024 11:43:18 GMT 
 POST /api/auth/login 200 1117.285 ms PostmanRuntime/7.37.3 Tue, 11 Jun 2024 11:43:46 GMT
 POST /api/auth/changePassword 404 6.226 ms PostmanRuntime/7.37.3 Tue, 11 Jun 2024 11:52:20 GMT 
 POST /api/auth/changePassword 200 1855.489 ms PostmanRuntime/7.37.3 Tue, 11 Jun 2024 11:52:53 GMT
 GET / 404 15.844 ms PostmanRuntime/7.39.0 Thu, 04 Jul 2024 03:45:32 GMT 
 GET /api 200 2.897 ms PostmanRuntime/7.39.0 Thu, 04 Jul 2024 03:45:56 GMT
 GET /api/register 404 20.575 ms PostmanRuntime/7.39.0 Thu, 04 Jul 2024 06:47:13 GMT 
 GET /api/auth/register 404 4.299 ms PostmanRuntime/7.39.0 Thu, 04 Jul 2024 06:47:44 GMT 
 GET /api/auth/register 404 2.795 ms PostmanRuntime/7.39.0 Thu, 04 Jul 2024 06:47:48 GMT 
 GET /api/auth/register 404 2.526 ms PostmanRuntime/7.39.0 Thu, 04 Jul 2024 06:48:23 GMT 
 GET /api/auth/register 404 1.832 ms PostmanRuntime/7.39.0 Thu, 04 Jul 2024 06:48:24 GMT 
 GET /api/auth/register 404 9.135 ms PostmanRuntime/7.39.0 Thu, 04 Jul 2024 06:48:25 GMT 
 POST /api/auth/register 500 777.486 ms PostmanRuntime/7.39.0 Thu, 04 Jul 2024 06:49:01 GMT 
 POST /api/auth/register 201 281.305 ms PostmanRuntime/7.39.0 Thu, 04 Jul 2024 06:51:11 GMT
 POST /api/auth/register 201 261.209 ms PostmanRuntime/7.39.0 Thu, 04 Jul 2024 06:52:56 GMT
 POST /api/auth/register 201 246.160 ms PostmanRuntime/7.39.0 Thu, 04 Jul 2024 06:53:00 GMT
 POST /api/auth/register 201 481.855 ms PostmanRuntime/7.39.0 Thu, 04 Jul 2024 06:55:47 GMT
 POST /api/auth/register 201 363.241 ms PostmanRuntime/7.39.0 Thu, 04 Jul 2024 06:58:15 GMT
 POST /api/auth/register 500 459.897 ms PostmanRuntime/7.39.0 Thu, 04 Jul 2024 07:03:08 GMT 
 POST /api/auth/register 500 253.825 ms PostmanRuntime/7.39.0 Thu, 04 Jul 2024 07:03:12 GMT 
 POST /api/auth/register 500 237.417 ms PostmanRuntime/7.39.0 Thu, 04 Jul 2024 07:03:13 GMT 
 POST /api/auth/register 500 284.240 ms PostmanRuntime/7.39.0 Thu, 04 Jul 2024 07:05:29 GMT 
 POST /api/auth/register 500 295.187 ms PostmanRuntime/7.39.0 Thu, 04 Jul 2024 07:09:31 GMT 
 POST /api/role 201 260.251 ms PostmanRuntime/7.39.0 Thu, 04 Jul 2024 07:12:07 GMT
 POST /api/role 201 171.774 ms PostmanRuntime/7.39.0 Thu, 04 Jul 2024 07:12:35 GMT
 POST /api/auth/register 201 1120.808 ms PostmanRuntime/7.39.0 Thu, 04 Jul 2024 07:17:27 GMT
 POST /api/auth/register 201 469.681 ms PostmanRuntime/7.39.0 Thu, 04 Jul 2024 07:25:29 GMT
 POST /api/auth/register 201 533.331 ms PostmanRuntime/7.39.0 Thu, 04 Jul 2024 07:30:21 GMT
 POST /api/auth/activate 201 290.881 ms PostmanRuntime/7.39.0 Thu, 04 Jul 2024 07:36:22 GMT
